[debug] [2025-06-07T07:35:45.485Z] : 
[debug] [2025-06-07T07:35:45.486Z] : ----------------------------------------------------------------------
[debug] [2025-06-07T07:35:45.487Z] : Command:      C:\Program Files\nodejs\node.exe C:\Users\Admi\AppData\Roaming\npm\node_modules\zcatalyst-cli\lib\bin\catalyst.js deploy
[debug] [2025-06-07T07:35:45.487Z] : CLI Version:  1.18.1
[debug] [2025-06-07T07:35:45.487Z] : Platform:     win32
[debug] [2025-06-07T07:35:45.488Z] : Node Version: v22.14.0
[debug] [2025-06-07T07:35:45.488Z] : Time:         Sat Jun 07 2025 13:05:45 GMT+0530 (India Standard Time)
[debug] [2025-06-07T07:35:45.488Z] : ----------------------------------------------------------------------
[debug] [2025-06-07T07:35:45.488Z] : 
[debug] [2025-06-07T07:35:46.054Z] : > authorizing via signed-in user option
[debug] [2025-06-07T07:35:46.054Z] : > command requires scopes: ["ZohoCatalyst.projects.ALL","ZohoCatalyst.functions.ALL","ZohoCatalyst.webapp.ALL","ZohoCatalyst.appsail.Update"]
[debug] [2025-06-07T07:35:46.071Z] : > refreshing access token <
[debug] [2025-06-07T07:35:46.073Z] : >>>> HTTP REQUEST : POST https://accounts.zoho.in/oauth/v2/token 
<request body omitted>

[warn] [2025-06-07T07:35:46.149Z] : ‼ ENOTFOUND has occured while communicating remote server. Kindly be patient while the cli retries this request.
[debug] [2025-06-07T07:35:46.149Z] : API Error while firing request : getaddrinfo ENOTFOUND accounts.zoho.in

[debug] [2025-06-07T07:35:46.149Z] : >>>> RETRYING

[warn] [2025-06-07T07:35:46.153Z] : ‼ ENOTFOUND has occured while communicating remote server. Kindly be patient while the cli retries this request.
[debug] [2025-06-07T07:35:46.154Z] : API Error while firing request : getaddrinfo ENOTFOUND accounts.zoho.in

[debug] [2025-06-07T07:35:46.154Z] : >>>> RETRYING

[warn] [2025-06-07T07:35:46.157Z] : ‼ ENOTFOUND has occured while communicating remote server. Kindly be patient while the cli retries this request.
[debug] [2025-06-07T07:35:46.157Z] : API Error while firing request : getaddrinfo ENOTFOUND accounts.zoho.in

[debug] [2025-06-07T07:35:46.157Z] : >>>> RETRYING

[warn] [2025-06-07T07:35:46.160Z] : ‼ ENOTFOUND has occured while communicating remote server. Kindly be patient while the cli retries this request.
[error] [2025-06-07T07:35:46.163Z] : × API Error after retrying : getaddrinfo ENOTFOUND accounts.zoho.in
[debug] [2025-06-07T07:35:46.163Z] : Error Stack: CatalystError: API Error after retrying : getaddrinfo ENOTFOUND accounts.zoho.in
    at API.<anonymous> (C:\Users\Admi\AppData\Roaming\npm\node_modules\zcatalyst-cli\lib\internal\api.js:176:23)
    at Generator.next (<anonymous>)
    at C:\Users\Admi\AppData\Roaming\npm\node_modules\zcatalyst-cli\lib\internal\api.js:31:71
    at new Promise (<anonymous>)
    at __awaiter (C:\Users\Admi\AppData\Roaming\npm\node_modules\zcatalyst-cli\lib\internal\api.js:27:12)
    at API._retry (C:\Users\Admi\AppData\Roaming\npm\node_modules\zcatalyst-cli\lib\internal\api.js:174:16)
    at API.<anonymous> (C:\Users\Admi\AppData\Roaming\npm\node_modules\zcatalyst-cli\lib\internal\api.js:220:56)
    at Generator.next (<anonymous>)
    at C:\Users\Admi\AppData\Roaming\npm\node_modules\zcatalyst-cli\lib\internal\api.js:31:71
    at new Promise (<anonymous>)
[debug] [2025-06-07T07:35:46.163Z] : Original Error: Error: getaddrinfo ENOTFOUND accounts.zoho.in
    at GetAddrInfoReqWrap.onlookupall [as oncomplete] (node:dns:120:26)
[debug] [2025-06-07T07:35:46.163Z] : Error Status: 500
[info] [2025-06-07T07:35:46.164Z] : Kindly contact Catalyst support [support@zohocatalyst.com] if you need any further assistance
[error] [2025-06-07T07:35:46.164Z] : × API Error: getaddrinfo ENOTFOUND accounts.zoho.in
[debug] [2025-06-07T07:35:46.165Z] : Error Stack: CatalystError: API Error: getaddrinfo ENOTFOUND accounts.zoho.in
    at API.<anonymous> (C:\Users\Admi\AppData\Roaming\npm\node_modules\zcatalyst-cli\lib\internal\api.js:229:32)
    at Generator.throw (<anonymous>)
    at rejected (C:\Users\Admi\AppData\Roaming\npm\node_modules\zcatalyst-cli\lib\internal\api.js:29:65)
    at process.processTicksAndRejections (node:internal/process/task_queues:105:5)
[debug] [2025-06-07T07:35:46.165Z] : Original Error: Error: getaddrinfo ENOTFOUND accounts.zoho.in
    at GetAddrInfoReqWrap.onlookupall [as oncomplete] (node:dns:120:26)
[debug] [2025-06-07T07:35:46.165Z] : Error Status: 500
[info] [2025-06-07T07:35:46.165Z] : Kindly contact Catalyst support [support@zohocatalyst.com] if you need any further assistance
[error] [2025-06-07T07:35:46.166Z] : × API Error: getaddrinfo ENOTFOUND accounts.zoho.in
[debug] [2025-06-07T07:35:46.166Z] : Error Stack: CatalystError: API Error: getaddrinfo ENOTFOUND accounts.zoho.in
    at API.<anonymous> (C:\Users\Admi\AppData\Roaming\npm\node_modules\zcatalyst-cli\lib\internal\api.js:229:32)
    at Generator.throw (<anonymous>)
    at rejected (C:\Users\Admi\AppData\Roaming\npm\node_modules\zcatalyst-cli\lib\internal\api.js:29:65)
    at process.processTicksAndRejections (node:internal/process/task_queues:105:5)
[debug] [2025-06-07T07:35:46.166Z] : Original Error: Error: getaddrinfo ENOTFOUND accounts.zoho.in
    at GetAddrInfoReqWrap.onlookupall [as oncomplete] (node:dns:120:26)
[debug] [2025-06-07T07:35:46.166Z] : Error Status: 500
[info] [2025-06-07T07:35:46.166Z] : Kindly contact Catalyst support [support@zohocatalyst.com] if you need any further assistance
[error] [2025-06-07T07:35:46.169Z] : × Error when refreshing the access token
[debug] [2025-06-07T07:35:46.169Z] : Error Stack: CatalystError: Error when refreshing the access token
    at C:\Users\Admi\AppData\Roaming\npm\node_modules\zcatalyst-cli\lib\internal\credential.js:139:23
    at process.processTicksAndRejections (node:internal/process/task_queues:105:5)
[debug] [2025-06-07T07:35:46.169Z] : Original Error: CatalystError: API Error after retrying : getaddrinfo ENOTFOUND accounts.zoho.in
    at API.<anonymous> (C:\Users\Admi\AppData\Roaming\npm\node_modules\zcatalyst-cli\lib\internal\api.js:176:23)
    at Generator.next (<anonymous>)
    at C:\Users\Admi\AppData\Roaming\npm\node_modules\zcatalyst-cli\lib\internal\api.js:31:71
    at new Promise (<anonymous>)
    at __awaiter (C:\Users\Admi\AppData\Roaming\npm\node_modules\zcatalyst-cli\lib\internal\api.js:27:12)
    at API._retry (C:\Users\Admi\AppData\Roaming\npm\node_modules\zcatalyst-cli\lib\internal\api.js:174:16)
    at API.<anonymous> (C:\Users\Admi\AppData\Roaming\npm\node_modules\zcatalyst-cli\lib\internal\api.js:220:56)
    at Generator.next (<anonymous>)
    at C:\Users\Admi\AppData\Roaming\npm\node_modules\zcatalyst-cli\lib\internal\api.js:31:71
    at new Promise (<anonymous>)
[debug] [2025-06-07T07:35:46.169Z] : Error Status: 500
[info] [2025-06-07T07:35:46.169Z] : Kindly contact Catalyst support [support@zohocatalyst.com] if you need any further assistance
[debug] [2025-06-07T07:35:46.170Z] : EXEC ENDED with event: Error (Unexpected), message: Error when refreshing the access token
[debug] [2025-06-07T07:35:46.170Z] : TOTAL DURATION OF COMMAND EXEC : 131
[debug] [2025-06-07T07:35:46.171Z] : Unable to initialise the log API
